2024-06-09T08:04:44  docs: expand examples
2024-07-10T15:21:51  test: strengthen coverage
2024-08-10T10:38:58  chore: tune defaults
2024-08-18T17:55:05  refactor: simplify helper
2024-09-18T12:12:12  chore: routine maintenance
2024-10-20T19:29:19  docs: clarify usage notes
2024-10-27T14:46:26  test: add edge case
2024-11-28T09:03:33  refactor: tidy internals
2024-12-29T16:20:40  fix: handle empty input gracefully
2025-01-13T11:37:47  perf: micro-optimization
2025-02-13T18:54:54  style: formatting
2025-03-17T13:11:01  chore: bump dev tooling
2025-03-24T08:28:08  docs: expand examples
2025-04-25T15:45:15  test: strengthen coverage
2025-05-26T10:02:22  chore: tune defaults
2025-06-03T17:19:29  refactor: simplify helper
2025-07-04T12:36:36  chore: routine maintenance
2025-08-11T19:53:43  docs: clarify usage notes
2025-08-19T14:10:50  test: add edge case
2025-09-19T09:27:57  refactor: tidy internals
2025-10-21T16:44:04  fix: handle empty input gracefully
2025-10-28T11:01:11  perf: micro-optimization
2025-11-29T18:18:18  style: formatting
2025-12-30T13:35:25  chore: bump dev tooling
2026-01-31T08:52:32  docs: expand examples
